# JRE version: OpenJDK Runtime Environment (16.0.1+9) (build 16.0.1+9-24)
# Java VM: OpenJDK 64-Bit Server VM (16.0.1+9-24, mixed mode, sharing, tiered, compressed oops, compressed class ptrs, g1 gc, windows-amd64)
GC Precious Log:
 CPUs: 6 total, 6 available
 Memory: 7973M
 Large Page Support: Disabled
 NUMA Support: Disabled
 Compressed Oops: Enabled (32-bit)
 Heap Region Size: 1M
 Heap Min Capacity: 8M
 Heap Initial Capacity: 126M
 Heap Max Capacity: 1994M
 Pre-touch: Disabled
 Parallel Workers: 6
 Concurrent Workers: 2
 Concurrent Refinement Workers: 6
 Periodic GC: Disabled
Heap:
 garbage-first heap   total 17408K, used 4571K [0x0000000083600000, 0x0000000100000000)
  region size 1024K, 1 young (1024K), 0 survivors (0K)
 Metaspace       used 8977K, committed 9088K, reserved 1056768K
  class space    used 865K, committed 896K, reserved 1048576K
GC Heap History (6 events):
Event: 2.117 GC heap before
{Heap before GC invocations=0 (full 0):
 garbage-first heap   total 129024K, used 20480K [0x0000000083600000, 0x0000000100000000)
  region size 1024K, 21 young (21504K), 0 survivors (0K)
 Metaspace       used 4807K, committed 4992K, reserved 1056768K
  class space    used 410K, committed 512K, reserved 1048576K
}
Event: 2.120 GC heap after
{Heap after GC invocations=1 (full 0):
 garbage-first heap   total 129024K, used 3886K [0x0000000083600000, 0x0000000100000000)
  region size 1024K, 3 young (3072K), 3 survivors (3072K)
 Metaspace       used 4807K, committed 4992K, reserved 1056768K
  class space    used 410K, committed 512K, reserved 1048576K
}
Event: 16.147 GC heap before
{Heap before GC invocations=1 (full 0):
 garbage-first heap   total 129024K, used 12078K [0x0000000083600000, 0x0000000100000000)
  region size 1024K, 12 young (12288K), 3 survivors (3072K)
 Metaspace       used 8887K, committed 9024K, reserved 1056768K
  class space    used 857K, committed 896K, reserved 1048576K
}
Event: 16.154 GC heap after
{Heap after GC invocations=2 (full 1):
 garbage-first heap   total 24576K, used 4668K [0x0000000083600000, 0x0000000100000000)
  region size 1024K, 0 young (0K), 0 survivors (0K)
 Metaspace       used 8887K, committed 9024K, reserved 1056768K
  class space    used 857K, committed 896K, reserved 1048576K
}
Event: 16.199 GC heap before
{Heap before GC invocations=2 (full 1):
 garbage-first heap   total 24576K, used 4668K [0x0000000083600000, 0x0000000100000000)
  region size 1024K, 1 young (1024K), 0 survivors (0K)
 Metaspace       used 8963K, committed 9024K, reserved 1056768K
  class space    used 864K, committed 896K, reserved 1048576K
}
Event: 16.205 GC heap after
{Heap after GC invocations=3 (full 2):
 garbage-first heap   total 20480K, used 4574K [0x0000000083600000, 0x0000000100000000)
  region size 1024K, 0 young (0K), 0 survivors (0K)
 Metaspace       used 8963K, committed 9024K, reserved 1056768K
  class space    used 864K, committed 896K, reserved 1048576K
}

