# JRE version: OpenJDK Runtime Environment (16.0.1+9) (build 16.0.1+9-24)
# Java VM: OpenJDK 64-Bit Server VM (16.0.1+9-24, mixed mode, sharing, tiered, compressed oops, compressed class ptrs, g1 gc, windows-amd64)
GC Precious Log:
 CPUs: 6 total, 6 available
 Memory: 7973M
 Large Page Support: Disabled
 NUMA Support: Disabled
 Compressed Oops: Enabled (32-bit)
 Heap Region Size: 1M
 Heap Min Capacity: 8M
 Heap Initial Capacity: 126M
 Heap Max Capacity: 1994M
 Pre-touch: Disabled
 Parallel Workers: 6
 Concurrent Workers: 2
 Concurrent Refinement Workers: 6
 Periodic GC: Disabled
Heap:
 garbage-first heap   total 10240K, used 2208K [0x0000000083600000, 0x0000000100000000)
  region size 1024K, 1 young (1024K), 0 survivors (0K)
 Metaspace       used 5677K, committed 5888K, reserved 1056768K
  class space    used 497K, committed 576K, reserved 1048576K
GC Heap History (6 events):
Event: 4.972 GC heap before
{Heap before GC invocations=0 (full 0):
 garbage-first heap   total 129024K, used 20480K [0x0000000083600000, 0x0000000100000000)
  region size 1024K, 21 young (21504K), 0 survivors (0K)
 Metaspace       used 5423K, committed 5632K, reserved 1056768K
  class space    used 478K, committed 576K, reserved 1048576K
}
Event: 4.976 GC heap after
{Heap after GC invocations=1 (full 0):
 garbage-first heap   total 129024K, used 2247K [0x0000000083600000, 0x0000000100000000)
  region size 1024K, 3 young (3072K), 3 survivors (3072K)
 Metaspace       used 5423K, committed 5632K, reserved 1056768K
  class space    used 478K, committed 576K, reserved 1048576K
}
Event: 12.721 GC heap before
{Heap before GC invocations=1 (full 0):
 garbage-first heap   total 129024K, used 8391K [0x0000000083600000, 0x0000000100000000)
  region size 1024K, 10 young (10240K), 3 survivors (3072K)
 Metaspace       used 5589K, committed 5760K, reserved 1056768K
  class space    used 491K, committed 576K, reserved 1048576K
}
Event: 12.729 GC heap after
{Heap after GC invocations=2 (full 1):
 garbage-first heap   total 10240K, used 2260K [0x0000000083600000, 0x0000000100000000)
  region size 1024K, 0 young (0K), 0 survivors (0K)
 Metaspace       used 5589K, committed 5760K, reserved 1056768K
  class space    used 491K, committed 576K, reserved 1048576K
}
Event: 12.787 GC heap before
{Heap before GC invocations=2 (full 1):
 garbage-first heap   total 10240K, used 2260K [0x0000000083600000, 0x0000000100000000)
  region size 1024K, 1 young (1024K), 0 survivors (0K)
 Metaspace       used 5677K, committed 5888K, reserved 1056768K
  class space    used 497K, committed 576K, reserved 1048576K
}
Event: 12.796 GC heap after
{Heap after GC invocations=3 (full 2):
 garbage-first heap   total 10240K, used 2208K [0x0000000083600000, 0x0000000100000000)
  region size 1024K, 0 young (0K), 0 survivors (0K)
 Metaspace       used 5677K, committed 5888K, reserved 1056768K
  class space    used 497K, committed 576K, reserved 1048576K
}

