# JRE version: OpenJDK Runtime Environment (16.0.1+9) (build 16.0.1+9-24)
# Java VM: OpenJDK 64-Bit Server VM (16.0.1+9-24, mixed mode, sharing, tiered, compressed oops, compressed class ptrs, g1 gc, windows-amd64)
GC Precious Log:
 CPUs: 6 total, 6 available
 Memory: 7973M
 Large Page Support: Disabled
 NUMA Support: Disabled
 Compressed Oops: Enabled (32-bit)
 Heap Region Size: 1M
 Heap Min Capacity: 8M
 Heap Initial Capacity: 126M
 Heap Max Capacity: 1994M
 Pre-touch: Disabled
 Parallel Workers: 6
 Concurrent Workers: 2
 Concurrent Refinement Workers: 6
 Periodic GC: Disabled
Heap:
 garbage-first heap   total 20480K, used 4887K [0x0000000083600000, 0x0000000100000000)
  region size 1024K, 1 young (1024K), 0 survivors (0K)
 Metaspace       used 9119K, committed 9280K, reserved 1064960K
  class space    used 868K, committed 960K, reserved 1048576K
GC Heap History (8 events):
Event: 127.187 GC heap before
{Heap before GC invocations=0 (full 0):
 garbage-first heap   total 129024K, used 20480K [0x0000000083600000, 0x0000000100000000)
  region size 1024K, 21 young (21504K), 0 survivors (0K)
 Metaspace       used 4780K, committed 4992K, reserved 1056768K
  class space    used 403K, committed 512K, reserved 1048576K
}
Event: 127.191 GC heap after
{Heap after GC invocations=1 (full 0):
 garbage-first heap   total 129024K, used 4136K [0x0000000083600000, 0x0000000100000000)
  region size 1024K, 3 young (3072K), 3 survivors (3072K)
 Metaspace       used 4780K, committed 4992K, reserved 1056768K
  class space    used 403K, committed 512K, reserved 1048576K
}
Event: 1005.441 GC heap before
{Heap before GC invocations=1 (full 0):
 garbage-first heap   total 129024K, used 30760K [0x0000000083600000, 0x0000000100000000)
  region size 1024K, 29 young (29696K), 3 survivors (3072K)
 Metaspace       used 9033K, committed 9216K, reserved 1064960K
  class space    used 861K, committed 960K, reserved 1048576K
}
Event: 1005.445 GC heap after
{Heap after GC invocations=2 (full 0):
 garbage-first heap   total 129024K, used 5235K [0x0000000083600000, 0x0000000100000000)
  region size 1024K, 2 young (2048K), 2 survivors (2048K)
 Metaspace       used 9033K, committed 9216K, reserved 1064960K
  class space    used 861K, committed 960K, reserved 1048576K
}
Event: 1062.565 GC heap before
{Heap before GC invocations=2 (full 0):
 garbage-first heap   total 129024K, used 10355K [0x0000000083600000, 0x0000000100000000)
  region size 1024K, 8 young (8192K), 2 survivors (2048K)
 Metaspace       used 9050K, committed 9216K, reserved 1064960K
  class space    used 861K, committed 960K, reserved 1048576K
}
Event: 1062.572 GC heap after
{Heap after GC invocations=3 (full 1):
 garbage-first heap   total 24576K, used 4963K [0x0000000083600000, 0x0000000100000000)
  region size 1024K, 0 young (0K), 0 survivors (0K)
 Metaspace       used 9050K, committed 9216K, reserved 1064960K
  class space    used 861K, committed 960K, reserved 1048576K
}
Event: 1062.763 GC heap before
{Heap before GC invocations=3 (full 1):
 garbage-first heap   total 24576K, used 4963K [0x0000000083600000, 0x0000000100000000)
  region size 1024K, 1 young (1024K), 0 survivors (0K)
 Metaspace       used 9118K, committed 9280K, reserved 1064960K
  class space    used 868K, committed 960K, reserved 1048576K
}
Event: 1062.769 GC heap after
{Heap after GC invocations=4 (full 2):
 garbage-first heap   total 20480K, used 4887K [0x0000000083600000, 0x0000000100000000)
  region size 1024K, 0 young (0K), 0 survivors (0K)
 Metaspace       used 9118K, committed 9280K, reserved 1064960K
  class space    used 868K, committed 960K, reserved 1048576K
}

