# JRE version: OpenJDK Runtime Environment (16.0.1+9) (build 16.0.1+9-24)
# Java VM: OpenJDK 64-Bit Server VM (16.0.1+9-24, mixed mode, sharing, tiered, compressed oops, compressed class ptrs, g1 gc, windows-amd64)
GC Precious Log:
 CPUs: 6 total, 6 available
 Memory: 7973M
 Large Page Support: Disabled
 NUMA Support: Disabled
 Compressed Oops: Enabled (32-bit)
 Heap Region Size: 1M
 Heap Min Capacity: 8M
 Heap Initial Capacity: 126M
 Heap Max Capacity: 1994M
 Pre-touch: Disabled
 Parallel Workers: 6
 Concurrent Workers: 2
 Concurrent Refinement Workers: 6
 Periodic GC: Disabled
Heap:
 garbage-first heap   total 20480K, used 5737K [0x0000000083600000, 0x0000000100000000)
  region size 1024K, 1 young (1024K), 0 survivors (0K)
 Metaspace       used 10825K, committed 11008K, reserved 1064960K
  class space    used 1119K, committed 1216K, reserved 1048576K
GC Heap History (8 events):
Event: 4.278 GC heap before
{Heap before GC invocations=0 (full 0):
 garbage-first heap   total 129024K, used 20480K [0x0000000083600000, 0x0000000100000000)
  region size 1024K, 21 young (21504K), 0 survivors (0K)
 Metaspace       used 4700K, committed 4928K, reserved 1056768K
  class space    used 396K, committed 512K, reserved 1048576K
}
Event: 4.281 GC heap after
{Heap after GC invocations=1 (full 0):
 garbage-first heap   total 129024K, used 4107K [0x0000000083600000, 0x0000000100000000)
  region size 1024K, 3 young (3072K), 3 survivors (3072K)
 Metaspace       used 4700K, committed 4928K, reserved 1056768K
  class space    used 396K, committed 512K, reserved 1048576K
}
Event: 275.608 GC heap before
{Heap before GC invocations=1 (full 0):
 garbage-first heap   total 129024K, used 31755K [0x0000000083600000, 0x0000000100000000)
  region size 1024K, 30 young (30720K), 3 survivors (3072K)
 Metaspace       used 10645K, committed 10816K, reserved 1064960K
  class space    used 1111K, committed 1216K, reserved 1048576K
}
Event: 275.612 GC heap after
{Heap after GC invocations=2 (full 0):
 garbage-first heap   total 129024K, used 6256K [0x0000000083600000, 0x0000000100000000)
  region size 1024K, 3 young (3072K), 3 survivors (3072K)
 Metaspace       used 10645K, committed 10816K, reserved 1064960K
  class space    used 1111K, committed 1216K, reserved 1048576K
}
Event: 328.693 GC heap before
{Heap before GC invocations=2 (full 0):
 garbage-first heap   total 129024K, used 13424K [0x0000000083600000, 0x0000000100000000)
  region size 1024K, 11 young (11264K), 3 survivors (3072K)
 Metaspace       used 10766K, committed 10944K, reserved 1064960K
  class space    used 1112K, committed 1216K, reserved 1048576K
}
Event: 328.714 GC heap after
{Heap after GC invocations=3 (full 1):
 garbage-first heap   total 20480K, used 5839K [0x0000000083600000, 0x0000000100000000)
  region size 1024K, 0 young (0K), 0 survivors (0K)
 Metaspace       used 10766K, committed 10944K, reserved 1064960K
  class space    used 1112K, committed 1216K, reserved 1048576K
}
Event: 328.835 GC heap before
{Heap before GC invocations=3 (full 1):
 garbage-first heap   total 20480K, used 5839K [0x0000000083600000, 0x0000000100000000)
  region size 1024K, 1 young (1024K), 0 survivors (0K)
 Metaspace       used 10825K, committed 11008K, reserved 1064960K
  class space    used 1119K, committed 1216K, reserved 1048576K
}
Event: 328.852 GC heap after
{Heap after GC invocations=4 (full 2):
 garbage-first heap   total 20480K, used 5737K [0x0000000083600000, 0x0000000100000000)
  region size 1024K, 0 young (0K), 0 survivors (0K)
 Metaspace       used 10825K, committed 11008K, reserved 1064960K
  class space    used 1119K, committed 1216K, reserved 1048576K
}

