# JRE version: OpenJDK Runtime Environment (16.0.1+9) (build 16.0.1+9-24)
# Java VM: OpenJDK 64-Bit Server VM (16.0.1+9-24, mixed mode, sharing, tiered, compressed oops, compressed class ptrs, g1 gc, windows-amd64)
GC Precious Log:
 CPUs: 6 total, 6 available
 Memory: 7973M
 Large Page Support: Disabled
 NUMA Support: Disabled
 Compressed Oops: Enabled (32-bit)
 Heap Region Size: 1M
 Heap Min Capacity: 8M
 Heap Initial Capacity: 126M
 Heap Max Capacity: 1994M
 Pre-touch: Disabled
 Parallel Workers: 6
 Concurrent Workers: 2
 Concurrent Refinement Workers: 6
 Periodic GC: Disabled
Heap:
 garbage-first heap   total 20480K, used 5039K [0x0000000083600000, 0x0000000100000000)
  region size 1024K, 1 young (1024K), 0 survivors (0K)
 Metaspace       used 9210K, committed 9408K, reserved 1064960K
  class space    used 882K, committed 960K, reserved 1048576K
GC Heap History (8 events):
Event: 4.313 GC heap before
{Heap before GC invocations=0 (full 0):
 garbage-first heap   total 129024K, used 20480K [0x0000000083600000, 0x0000000100000000)
  region size 1024K, 21 young (21504K), 0 survivors (0K)
 Metaspace       used 4781K, committed 4992K, reserved 1056768K
  class space    used 403K, committed 512K, reserved 1048576K
}
Event: 4.316 GC heap after
{Heap after GC invocations=1 (full 0):
 garbage-first heap   total 129024K, used 4031K [0x0000000083600000, 0x0000000100000000)
  region size 1024K, 3 young (3072K), 3 survivors (3072K)
 Metaspace       used 4781K, committed 4992K, reserved 1056768K
  class space    used 403K, committed 512K, reserved 1048576K
}
Event: 34.174 GC heap before
{Heap before GC invocations=1 (full 0):
 garbage-first heap   total 129024K, used 30655K [0x0000000083600000, 0x0000000100000000)
  region size 1024K, 29 young (29696K), 3 survivors (3072K)
 Metaspace       used 9120K, committed 9344K, reserved 1064960K
  class space    used 873K, committed 960K, reserved 1048576K
}
Event: 34.178 GC heap after
{Heap after GC invocations=2 (full 0):
 garbage-first heap   total 129024K, used 5300K [0x0000000083600000, 0x0000000100000000)
  region size 1024K, 2 young (2048K), 2 survivors (2048K)
 Metaspace       used 9120K, committed 9344K, reserved 1064960K
  class space    used 873K, committed 960K, reserved 1048576K
}
Event: 1101.884 GC heap before
{Heap before GC invocations=2 (full 0):
 garbage-first heap   total 129024K, used 22708K [0x0000000083600000, 0x0000000100000000)
  region size 1024K, 20 young (20480K), 2 survivors (2048K)
 Metaspace       used 9141K, committed 9344K, reserved 1064960K
  class space    used 875K, committed 960K, reserved 1048576K
}
Event: 1101.898 GC heap after
{Heap after GC invocations=3 (full 1):
 garbage-first heap   total 20480K, used 5147K [0x0000000083600000, 0x0000000100000000)
  region size 1024K, 0 young (0K), 0 survivors (0K)
 Metaspace       used 9141K, committed 9344K, reserved 1064960K
  class space    used 875K, committed 960K, reserved 1048576K
}
Event: 1101.964 GC heap before
{Heap before GC invocations=3 (full 1):
 garbage-first heap   total 20480K, used 5147K [0x0000000083600000, 0x0000000100000000)
  region size 1024K, 1 young (1024K), 0 survivors (0K)
 Metaspace       used 9210K, committed 9408K, reserved 1064960K
  class space    used 882K, committed 960K, reserved 1048576K
}
Event: 1101.973 GC heap after
{Heap after GC invocations=4 (full 2):
 garbage-first heap   total 20480K, used 5039K [0x0000000083600000, 0x0000000100000000)
  region size 1024K, 0 young (0K), 0 survivors (0K)
 Metaspace       used 9210K, committed 9408K, reserved 1064960K
  class space    used 882K, committed 960K, reserved 1048576K
}

